


ARM Macro Assembler    Page 1 


    1 00000000         ;/*-----------------------------------------------------
                       ------------------------
    2 00000000         ; * The confidential and proprietary information contain
                       ed in this file may
    3 00000000         ; * only be used by a person authorised under and to the
                        extent permitted
    4 00000000         ; * by a subsisting licensing agreement from ARM Limited
                       .
    5 00000000         ; *
    6 00000000         ; *            (C) COPYRIGHT 2007-2008 ARM Limited.
    7 00000000         ; *                ALL RIGHTS RESERVED
    8 00000000         ; *
    9 00000000         ; * This entire notice must be reproduced on all copies 
                       of this file
   10 00000000         ; * and copies of this file may only be made by a person
                        if such person is
   11 00000000         ; * permitted to do so under the terms of a subsisting l
                       icense agreement
   12 00000000         ; * from ARM Limited.
   13 00000000         ; *
   14 00000000         ; *      Release Information : ARM Cortex-M1 FPGA Develo
                       pment Kit Version 1.1
   15 00000000         ; *-----------------------------------------------------
                       ----------------------*/
   16 00000000         ;/******************************************************
                       ***********************/
   17 00000000         ;/* Startup.s: Startup file for ARM Cortex-M1 Device Fam
                       ily                   */
   18 00000000         ;/******************************************************
                       ***********************/
   19 00000000         ;/* <<< Use Configuration Wizard in Context Menu >>>    
                                             */
   20 00000000         ;/******************************************************
                       ***********************/
   21 00000000         ;/* This file is part of the uVision/ARM development too
                       ls.                   */
   22 00000000         ;/* Copyright (c) 2005-2007 Keil Software. All rights re
                       served.               */
   23 00000000         ;/* This software may only be used under the terms of a 
                       valid, current,       */
   24 00000000         ;/* end user licence from KEIL for a compatible version 
                       of KEIL software      */
   25 00000000         ;/* development tools. Nothing else gives you the right 
                       to use this software. */
   26 00000000         ;/******************************************************
                       ***********************/
   27 00000000         
   28 00000000         
   29 00000000         ;// <h> Stack Configuration
   30 00000000         ;//   <o> Stack Size (in Bytes) <0x0-0xFFFFFFFF:8>
   31 00000000         ;// </h>
   32 00000000         
   33 00000000 00000200 
                       Stack_Size
                               EQU              0x00000200
   34 00000000         
   35 00000000                 AREA             STACK, NOINIT, READWRITE, ALIGN
=3
   36 00000000         Stack_Mem



ARM Macro Assembler    Page 2 


                               SPACE            Stack_Size
   37 00000200         __initial_sp
   38 00000200         
   39 00000200         
   40 00000200         ;// <h> Heap Configuration
   41 00000200         ;//   <o>  Heap Size (in Bytes) <0x0-0xFFFFFFFF:8>
   42 00000200         ;// </h>
   43 00000200         
   44 00000200 00000400 
                       Heap_Size
                               EQU              0x00000400
   45 00000200         
   46 00000200                 AREA             HEAP, NOINIT, READWRITE, ALIGN=
3
   47 00000000         __heap_base
   48 00000000         Heap_Mem
                               SPACE            Heap_Size
   49 00000400         __heap_limit
   50 00000400         
   51 00000400         
   52 00000400                 PRESERVE8
   53 00000400                 THUMB
   54 00000400         
   55 00000400         
   56 00000400         ; Vector Table Mapped to Address 0 at Reset
   57 00000400         
   58 00000400                 AREA             RESET, DATA, READONLY
   59 00000000                 EXPORT           __Vectors
   60 00000000         
   61 00000000 00000000 
                       __Vectors
                               DCD              __initial_sp ; Top of Stack
   62 00000004 00000000        DCD              Reset_Handler ; Reset Handler
   63 00000008 00000000        DCD              NMI_Handler ; NMI Handler
   64 0000000C 00000000        DCD              HardFault_Handler ; Hard Fault 
                                                            Handler
   65 00000010 00000000        DCD              0           ; Reserved
   66 00000014 00000000        DCD              0           ; Reserved
   67 00000018 00000000        DCD              0           ; Reserved
   68 0000001C 00000000        DCD              0           ; Reserved
   69 00000020 00000000        DCD              0           ; Reserved
   70 00000024 00000000        DCD              0           ; Reserved
   71 00000028 00000000        DCD              0           ; Reserved
   72 0000002C 00000000        DCD              SVC_Handler ; SVCall Handler
   73 00000030 00000000        DCD              0           ; Reserved
   74 00000034 00000000        DCD              0           ; Reserved
   75 00000038 00000000        DCD              PendSV_Handler ; PendSV Handler
                                                            
   76 0000003C 00000000        DCD              SysTick_Handler 
                                                            ; SysTick Handler
   77 00000040         
   78 00000040         
   79 00000040                 AREA             |.text|, CODE, READONLY
   80 00000000         
   81 00000000         
   82 00000000         ; Reset Handler
   83 00000000         
   84 00000000         Reset_Handler
                               PROC



ARM Macro Assembler    Page 3 


   85 00000000                 EXPORT           Reset_Handler             [WEAK
]
   86 00000000                 IMPORT           __main
   87 00000000 4803            LDR              R0, =__main
   88 00000002 4700            BX               R0
   89 00000004                 ENDP
   90 00000004         
   91 00000004         
   92 00000004         ; Dummy Exception Handlers (infinite loops which can be 
                       modified)
   93 00000004         
   94 00000004         NMI_Handler
                               PROC
   95 00000004                 EXPORT           NMI_Handler               [WEAK
]
   96 00000004 E7FE            B                .
   97 00000006                 ENDP
   99 00000006         HardFault_Handler
                               PROC
  100 00000006                 EXPORT           HardFault_Handler         [WEAK
]
  101 00000006 E7FE            B                .
  102 00000008                 ENDP
  103 00000008         SVC_Handler
                               PROC
  104 00000008                 EXPORT           SVC_Handler               [WEAK
]
  105 00000008 E7FE            B                .
  106 0000000A                 ENDP
  107 0000000A         PendSV_Handler
                               PROC
  108 0000000A                 EXPORT           PendSV_Handler            [WEAK
]
  109 0000000A E7FE            B                .
  110 0000000C                 ENDP
  111 0000000C         SysTick_Handler
                               PROC
  112 0000000C                 EXPORT           SysTick_Handler           [WEAK
]
  113 0000000C E7FE            B                .
  114 0000000E                 ENDP
  115 0000000E         
  116 0000000E         
  117 0000000E         ; User Initial Stack & Heap
  118 0000000E         
  119 0000000E                 IF               :DEF:__MICROLIB
  120 0000000E         
  121 0000000E                 EXPORT           __initial_sp
  122 0000000E                 EXPORT           __heap_base
  123 0000000E                 EXPORT           __heap_limit
  124 0000000E         
  125 0000000E                 ELSE
  139                          ENDIF
  140 0000000E         
  141 0000000E         
  142 0000000E                 END
              00 00 00000000 
Command Line: --debug --xref --cpu=Cortex-M1 --apcs=interwork -o.\startup.o -IC
:\Keil\ARM\INC -IC:\Keil\ARM\INC\ARM --predefine="__MICROLIB SETA 1" --list=sta



ARM Macro Assembler    Page 4 


rtup.lst ..\startup.s



ARM Macro Assembler    Page 1 Alphabetic symbol ordering
Relocatable symbols

STACK 00000000

Symbol: STACK
   Definitions
      At line 35 in file ..\startup.s
   Uses
      None
Comment: STACK unused
Stack_Mem 00000000

Symbol: Stack_Mem
   Definitions
      At line 36 in file ..\startup.s
   Uses
      None
Comment: Stack_Mem unused
__initial_sp 00000200

Symbol: __initial_sp
   Definitions
      At line 37 in file ..\startup.s
   Uses
      At line 61 in file ..\startup.s
      At line 121 in file ..\startup.s

3 symbols



ARM Macro Assembler    Page 1 Alphabetic symbol ordering
Relocatable symbols

HEAP 00000000

Symbol: HEAP
   Definitions
      At line 46 in file ..\startup.s
   Uses
      None
Comment: HEAP unused
Heap_Mem 00000000

Symbol: Heap_Mem
   Definitions
      At line 48 in file ..\startup.s
   Uses
      None
Comment: Heap_Mem unused
__heap_base 00000000

Symbol: __heap_base
   Definitions
      At line 47 in file ..\startup.s
   Uses
      At line 122 in file ..\startup.s
Comment: __heap_base used once
__heap_limit 00000400

Symbol: __heap_limit
   Definitions
      At line 49 in file ..\startup.s
   Uses
      At line 123 in file ..\startup.s
Comment: __heap_limit used once
4 symbols



ARM Macro Assembler    Page 1 Alphabetic symbol ordering
Relocatable symbols

RESET 00000000

Symbol: RESET
   Definitions
      At line 58 in file ..\startup.s
   Uses
      None
Comment: RESET unused
__Vectors 00000000

Symbol: __Vectors
   Definitions
      At line 61 in file ..\startup.s
   Uses
      At line 59 in file ..\startup.s
Comment: __Vectors used once
2 symbols



ARM Macro Assembler    Page 1 Alphabetic symbol ordering
Relocatable symbols

.text 00000000

Symbol: .text
   Definitions
      At line 79 in file ..\startup.s
   Uses
      None
Comment: .text unused
HardFault_Handler 00000006

Symbol: HardFault_Handler
   Definitions
      At line 99 in file ..\startup.s
   Uses
      At line 64 in file ..\startup.s
      At line 100 in file ..\startup.s

NMI_Handler 00000004

Symbol: NMI_Handler
   Definitions
      At line 94 in file ..\startup.s
   Uses
      At line 63 in file ..\startup.s
      At line 95 in file ..\startup.s

PendSV_Handler 0000000A

Symbol: PendSV_Handler
   Definitions
      At line 107 in file ..\startup.s
   Uses
      At line 75 in file ..\startup.s
      At line 108 in file ..\startup.s

Reset_Handler 00000000

Symbol: Reset_Handler
   Definitions
      At line 84 in file ..\startup.s
   Uses
      At line 62 in file ..\startup.s
      At line 85 in file ..\startup.s

SVC_Handler 00000008

Symbol: SVC_Handler
   Definitions
      At line 103 in file ..\startup.s
   Uses
      At line 72 in file ..\startup.s
      At line 104 in file ..\startup.s

SysTick_Handler 0000000C

Symbol: SysTick_Handler
   Definitions
      At line 111 in file ..\startup.s
   Uses



ARM Macro Assembler    Page 2 Alphabetic symbol ordering
Relocatable symbols

      At line 76 in file ..\startup.s
      At line 112 in file ..\startup.s

7 symbols



ARM Macro Assembler    Page 1 Alphabetic symbol ordering
Absolute symbols

Heap_Size 00000400

Symbol: Heap_Size
   Definitions
      At line 44 in file ..\startup.s
   Uses
      At line 48 in file ..\startup.s
Comment: Heap_Size used once
Stack_Size 00000200

Symbol: Stack_Size
   Definitions
      At line 33 in file ..\startup.s
   Uses
      At line 36 in file ..\startup.s
Comment: Stack_Size used once
2 symbols



ARM Macro Assembler    Page 1 Alphabetic symbol ordering
External symbols

__main 00000000

Symbol: __main
   Definitions
      At line 86 in file ..\startup.s
   Uses
      At line 87 in file ..\startup.s
Comment: __main used once
1 symbol
341 symbols in table
