Running: C:\Xilinx\14.1\ISE_DS\ISE\bin\nt\unwrapped\fuse.exe -intstyle ise -incremental -lib unisims_ver -lib unimacro_ver -lib xilinxcorelib_ver -lib secureip -o C:/Users/nicho/Desktop/Lab4/Lab4/lab4/lab4test_isim_beh.exe -prj C:/Users/nicho/Desktop/Lab4/Lab4/lab4/lab4test_beh.prj work.lab4test work.glbl 
ISim P.15xf (signature 0x2f00eba5)
Number of CPUs detected in this system: 8
Turning on mult-threading, number of parallel sub-compilation jobs: 16 
Determining compilation order of HDL files
Analyzing Verilog file "C:/Users/nicho/Desktop/Lab4/Lab4/lab4/regfile.v" into library work
Analyzing Verilog file "C:/Users/nicho/Desktop/Lab4/Lab4/lab4/PC.v" into library work
Analyzing Verilog file "C:/Users/nicho/Desktop/Lab4/Lab4/lab4/MEM_WBstage.v" into library work
Analyzing Verilog file "C:/Users/nicho/Desktop/Lab4/Lab4/lab4/memory.v" into library work
Analyzing Verilog file "C:/Users/nicho/Desktop/Lab4/Lab4/lab4/ID_EXEstage.v" into library work
Analyzing Verilog file "C:/Users/nicho/Desktop/Lab4/Lab4/lab4/EXE_MEMstage.v" into library work
Analyzing Verilog file "C:/Users/nicho/Desktop/Lab4/Lab4/lab4/control.v" into library work
Analyzing Verilog file "C:/Users/nicho/Desktop/Lab4/Lab4/lab4/alu.v" into library work
Analyzing Verilog file "C:/Users/nicho/Desktop/Lab4/Lab4/lab4/pipelined_regfile_5stage.v" into library work
Analyzing Verilog file "C:/Users/nicho/Desktop/Lab4/Lab4/lab4/lab4test.v" into library work
Analyzing Verilog file "C:/Xilinx/14.1/ISE_DS/ISE//verilog/src/glbl.v" into library work
Starting static elaboration
Completed static elaboration
Fuse Memory Usage: 113728 KB
Fuse CPU Usage: 281 ms
Compiling module PC1
Compiling module memory
Compiling module control
Compiling module regfile
Compiling module ID_EXE_stage
Compiling module alu
Compiling module EXE_MEM_stage
Compiling module MEM_WB_stage
Compiling module pipelined_regfile_5stage
Compiling module lab4test
Compiling module glbl
Time Resolution for simulation is 1ps.
Waiting for 1 sub-compilation(s) to finish...
Compiled 11 Verilog Units
Built simulation executable C:/Users/nicho/Desktop/Lab4/Lab4/lab4/lab4test_isim_beh.exe
Fuse Memory Usage: 120424 KB
Fuse CPU Usage: 405 ms
